16:23:17 **** Incremental Build of configuration Nios II for project hello_world_sw ****
make all 
Info: Building ../hello_world_sw_bsp/
C:/intelFPGA_lite/18.1/nios2eds/bin/gnu/H-x86_64-mingw32/bin/make --no-print-directory -C ../hello_world_sw_bsp/
[BSP build complete]
Info: Compiling hello_world_small.c to obj/default/hello_world_small.o
nios2-elf-gcc -xc -MP -MMD -c -I../hello_world_sw_bsp//HAL/inc -I../hello_world_sw_bsp/ -I../hello_world_sw_bsp//drivers/inc  -pipe -D__hal__ -DALT_NO_C_PLUS_PLUS -DALT_NO_CLEAN_EXIT -D'exit(a)=_exit(a)' -DALT_NO_EXIT -DALT_USE_DIRECT_DRIVERS -DALT_NO_INSTRUCTION_EMULATION -DALT_USE_SMALL_DRIVERS -DSMALL_C_LIB -DALT_SINGLE_THREADED    -Os -g -Wall   -mno-hw-div -mno-hw-mul -mno-hw-mulx -mgpopt=global  -o obj/default/hello_world_small.o hello_world_small.c
Info: Linking hello_world_sw.elf
nios2-elf-g++  -T'../hello_world_sw_bsp//linker.x' -msys-crt0='../hello_world_sw_bsp//obj/HAL/src/crt0.o' -msys-lib=hal_bsp -L../hello_world_sw_bsp/  -msmallc  -Wl,-Map=hello_world_sw.map   -Os -g -Wall   -mno-hw-div -mno-hw-mul -mno-hw-mulx -mgpopt=global  -o hello_world_sw.elf obj/default/hello_world_small.o obj/default/hello_world_small_task2.o -lm -msys-lib=m
nios2-elf-insert hello_world_sw.elf --thread_model hal --cpu_name cpu --qsys true --simulation_enabled false --id 0 --sidp 0x21090 --timestamp 1706178100 --stderr_dev jtag_uart --stdin_dev jtag_uart --stdout_dev jtag_uart --sopc_system_name nios_setup --quartus_project_dir "C:/Users/Jay/Documents/uni/labs/lab2/task1/Golden_Top" --jdi C:/Users/Jay/Documents/uni/labs/lab2/task1/Golden_Top/software/hello_world_sw_bsp/../../DE10_LITE_Golden_Top.jdi --sopcinfo C:/Users/Jay/Documents/uni/labs/lab2/task1/Golden_Top/software/hello_world_sw_bsp/../../nios_setup.sopcinfo
Info: (hello_world_sw.elf) 692 Bytes program size (code + initialized data).
Info:                      63 KBytes free for stack + heap.
Info: Creating hello_world_sw.objdump
nios2-elf-objdump --disassemble --syms --all-header --source hello_world_sw.elf >hello_world_sw.objdump
[hello_world_sw build complete]
16:23:28 **** Incremental Build of configuration Nios II for project hello_world_sw ****
make all 
Info: Building ../hello_world_sw_bsp/
C:/intelFPGA_lite/18.1/nios2eds/bin/gnu/H-x86_64-mingw32/bin/make --no-print-directory -C ../hello_world_sw_bsp/
[BSP build complete]
[hello_world_sw build complete]
16:24:22 **** Incremental Build of configuration Nios II for project hello_world_sw ****
make all 
Info: Building ../hello_world_sw_bsp/
C:/intelFPGA_lite/18.1/nios2eds/bin/gnu/H-x86_64-mingw32/bin/make --no-print-directory -C ../hello_world_sw_bsp/
[BSP build complete]
Info: Compiling hello_world_small.c to obj/default/hello_world_small.o
nios2-elf-gcc -xc -MP -MMD -c -I../hello_world_sw_bsp//HAL/inc -I../hello_world_sw_bsp/ -I../hello_world_sw_bsp//drivers/inc  -pipe -D__hal__ -DALT_NO_C_PLUS_PLUS -DALT_NO_CLEAN_EXIT -D'exit(a)=_exit(a)' -DALT_NO_EXIT -DALT_USE_DIRECT_DRIVERS -DALT_NO_INSTRUCTION_EMULATION -DALT_USE_SMALL_DRIVERS -DSMALL_C_LIB -DALT_SINGLE_THREADED    -Os -g -Wall   -mno-hw-div -mno-hw-mul -mno-hw-mulx -mgpopt=global  -o obj/default/hello_world_small.o hello_world_small.c
Info: Linking hello_world_sw.elf
nios2-elf-g++  -T'../hello_world_sw_bsp//linker.x' -msys-crt0='../hello_world_sw_bsp//obj/HAL/src/crt0.o' -msys-lib=hal_bsp -L../hello_world_sw_bsp/  -msmallc  -Wl,-Map=hello_world_sw.map   -Os -g -Wall   -mno-hw-div -mno-hw-mul -mno-hw-mulx -mgpopt=global  -o hello_world_sw.elf obj/default/hello_world_small.o obj/default/hello_world_small_task2.o -lm -msys-lib=m
nios2-elf-insert hello_world_sw.elf --thread_model hal --cpu_name cpu --qsys true --simulation_enabled false --id 0 --sidp 0x21090 --timestamp 1706178100 --stderr_dev jtag_uart --stdin_dev jtag_uart --stdout_dev jtag_uart --sopc_system_name nios_setup --quartus_project_dir "C:/Users/Jay/Documents/uni/labs/lab2/task1/Golden_Top" --jdi C:/Users/Jay/Documents/uni/labs/lab2/task1/Golden_Top/software/hello_world_sw_bsp/../../DE10_LITE_Golden_Top.jdi --sopcinfo C:/Users/Jay/Documents/uni/labs/lab2/task1/Golden_Top/software/hello_world_sw_bsp/../../nios_setup.sopcinfo
Info: (hello_world_sw.elf) 704 Bytes program size (code + initialized data).
Info:                      63 KBytes free for stack + heap.
Info: Creating hello_world_sw.objdump
nios2-elf-objdump --disassemble --syms --all-header --source hello_world_sw.elf >hello_world_sw.objdump
[hello_world_sw build complete]
16:24:53 **** Incremental Build of configuration Nios II for project hello_world_sw ****
make all 
Info: Building ../hello_world_sw_bsp/
C:/intelFPGA_lite/18.1/nios2eds/bin/gnu/H-x86_64-mingw32/bin/make --no-print-directory -C ../hello_world_sw_bsp/
[BSP build complete]
Info: Compiling hello_world_small.c to obj/default/hello_world_small.o
nios2-elf-gcc -xc -MP -MMD -c -I../hello_world_sw_bsp//HAL/inc -I../hello_world_sw_bsp/ -I../hello_world_sw_bsp//drivers/inc  -pipe -D__hal__ -DALT_NO_C_PLUS_PLUS -DALT_NO_CLEAN_EXIT -D'exit(a)=_exit(a)' -DALT_NO_EXIT -DALT_USE_DIRECT_DRIVERS -DALT_NO_INSTRUCTION_EMULATION -DALT_USE_SMALL_DRIVERS -DSMALL_C_LIB -DALT_SINGLE_THREADED    -Os -g -Wall   -mno-hw-div -mno-hw-mul -mno-hw-mulx -mgpopt=global  -o obj/default/hello_world_small.o hello_world_small.c
Info: Linking hello_world_sw.elf
nios2-elf-g++  -T'../hello_world_sw_bsp//linker.x' -msys-crt0='../hello_world_sw_bsp//obj/HAL/src/crt0.o' -msys-lib=hal_bsp -L../hello_world_sw_bsp/  -msmallc  -Wl,-Map=hello_world_sw.map   -Os -g -Wall   -mno-hw-div -mno-hw-mul -mno-hw-mulx -mgpopt=global  -o hello_world_sw.elf obj/default/hello_world_small.o obj/default/hello_world_small_task2.o -lm -msys-lib=m
nios2-elf-insert hello_world_sw.elf --thread_model hal --cpu_name cpu --qsys true --simulation_enabled false --id 0 --sidp 0x21090 --timestamp 1706178100 --stderr_dev jtag_uart --stdin_dev jtag_uart --stdout_dev jtag_uart --sopc_system_name nios_setup --quartus_project_dir "C:/Users/Jay/Documents/uni/labs/lab2/task1/Golden_Top" --jdi C:/Users/Jay/Documents/uni/labs/lab2/task1/Golden_Top/software/hello_world_sw_bsp/../../DE10_LITE_Golden_Top.jdi --sopcinfo C:/Users/Jay/Documents/uni/labs/lab2/task1/Golden_Top/software/hello_world_sw_bsp/../../nios_setup.sopcinfo
Info: (hello_world_sw.elf) 708 Bytes program size (code + initialized data).
Info:                      63 KBytes free for stack + heap.
Info: Creating hello_world_sw.objdump
nios2-elf-objdump --disassemble --syms --all-header --source hello_world_sw.elf >hello_world_sw.objdump
[hello_world_sw build complete]
16:26:08 **** Incremental Build of configuration Nios II for project hello_world_sw ****
make all 
Info: Building ../hello_world_sw_bsp/
C:/intelFPGA_lite/18.1/nios2eds/bin/gnu/H-x86_64-mingw32/bin/make --no-print-directory -C ../hello_world_sw_bsp/
[BSP build complete]
Info: Compiling hello_world_small.c to obj/default/hello_world_small.o
nios2-elf-gcc -xc -MP -MMD -c -I../hello_world_sw_bsp//HAL/inc -I../hello_world_sw_bsp/ -I../hello_world_sw_bsp//drivers/inc  -pipe -D__hal__ -DALT_NO_C_PLUS_PLUS -DALT_NO_CLEAN_EXIT -D'exit(a)=_exit(a)' -DALT_NO_EXIT -DALT_USE_DIRECT_DRIVERS -DALT_NO_INSTRUCTION_EMULATION -DALT_USE_SMALL_DRIVERS -DSMALL_C_LIB -DALT_SINGLE_THREADED    -Os -g -Wall   -mno-hw-div -mno-hw-mul -mno-hw-mulx -mgpopt=global  -o obj/default/hello_world_small.o hello_world_small.c
hello_world_small.c: In function 'main':
hello_world_small.c:18:11: warning: 'output' may be used uninitialized in this function [-Wmaybe-uninitialized]
    output = output << 1;
           ^
Info: Linking hello_world_sw.elf
nios2-elf-g++  -T'../hello_world_sw_bsp//linker.x' -msys-crt0='../hello_world_sw_bsp//obj/HAL/src/crt0.o' -msys-lib=hal_bsp -L../hello_world_sw_bsp/  -msmallc  -Wl,-Map=hello_world_sw.map   -Os -g -Wall   -mno-hw-div -mno-hw-mul -mno-hw-mulx -mgpopt=global  -o hello_world_sw.elf obj/default/hello_world_small.o obj/default/hello_world_small_task2.o -lm -msys-lib=m
nios2-elf-insert hello_world_sw.elf --thread_model hal --cpu_name cpu --qsys true --simulation_enabled false --id 0 --sidp 0x21090 --timestamp 1706178100 --stderr_dev jtag_uart --stdin_dev jtag_uart --stdout_dev jtag_uart --sopc_system_name nios_setup --quartus_project_dir "C:/Users/Jay/Documents/uni/labs/lab2/task1/Golden_Top" --jdi C:/Users/Jay/Documents/uni/labs/lab2/task1/Golden_Top/software/hello_world_sw_bsp/../../DE10_LITE_Golden_Top.jdi --sopcinfo C:/Users/Jay/Documents/uni/labs/lab2/task1/Golden_Top/software/hello_world_sw_bsp/../../nios_setup.sopcinfo
Info: (hello_world_sw.elf) 708 Bytes program size (code + initialized data).
Info:                      63 KBytes free for stack + heap.
Info: Creating hello_world_sw.objdump
nios2-elf-objdump --disassemble --syms --all-header --source hello_world_sw.elf >hello_world_sw.objdump
[hello_world_sw build complete]
16:28:17 **** Incremental Build of configuration Nios II for project hello_world_sw ****
make all 
Info: Building ../hello_world_sw_bsp/
C:/intelFPGA_lite/18.1/nios2eds/bin/gnu/H-x86_64-mingw32/bin/make --no-print-directory -C ../hello_world_sw_bsp/
[BSP build complete]
Info: Compiling hello_world_small.c to obj/default/hello_world_small.o
nios2-elf-gcc -xc -MP -MMD -c -I../hello_world_sw_bsp//HAL/inc -I../hello_world_sw_bsp/ -I../hello_world_sw_bsp//drivers/inc  -pipe -D__hal__ -DALT_NO_C_PLUS_PLUS -DALT_NO_CLEAN_EXIT -D'exit(a)=_exit(a)' -DALT_NO_EXIT -DALT_USE_DIRECT_DRIVERS -DALT_NO_INSTRUCTION_EMULATION -DALT_USE_SMALL_DRIVERS -DSMALL_C_LIB -DALT_SINGLE_THREADED    -Os -g -Wall   -mno-hw-div -mno-hw-mul -mno-hw-mulx -mgpopt=global  -o obj/default/hello_world_small.o hello_world_small.c
Info: Linking hello_world_sw.elf
nios2-elf-g++  -T'../hello_world_sw_bsp//linker.x' -msys-crt0='../hello_world_sw_bsp//obj/HAL/src/crt0.o' -msys-lib=hal_bsp -L../hello_world_sw_bsp/  -msmallc  -Wl,-Map=hello_world_sw.map   -Os -g -Wall   -mno-hw-div -mno-hw-mul -mno-hw-mulx -mgpopt=global  -o hello_world_sw.elf obj/default/hello_world_small.o obj/default/hello_world_small_task2.o -lm -msys-lib=m
nios2-elf-insert hello_world_sw.elf --thread_model hal --cpu_name cpu --qsys true --simulation_enabled false --id 0 --sidp 0x21090 --timestamp 1706178100 --stderr_dev jtag_uart --stdin_dev jtag_uart --stdout_dev jtag_uart --sopc_system_name nios_setup --quartus_project_dir "C:/Users/Jay/Documents/uni/labs/lab2/task1/Golden_Top" --jdi C:/Users/Jay/Documents/uni/labs/lab2/task1/Golden_Top/software/hello_world_sw_bsp/../../DE10_LITE_Golden_Top.jdi --sopcinfo C:/Users/Jay/Documents/uni/labs/lab2/task1/Golden_Top/software/hello_world_sw_bsp/../../nios_setup.sopcinfo
Info: (hello_world_sw.elf) 712 Bytes program size (code + initialized data).
Info:                      63 KBytes free for stack + heap.
Info: Creating hello_world_sw.objdump
nios2-elf-objdump --disassemble --syms --all-header --source hello_world_sw.elf >hello_world_sw.objdump
[hello_world_sw build complete]
16:29:35 **** Incremental Build of configuration Nios II for project hello_world_sw ****
make all 
Info: Building ../hello_world_sw_bsp/
C:/intelFPGA_lite/18.1/nios2eds/bin/gnu/H-x86_64-mingw32/bin/make --no-print-directory -C ../hello_world_sw_bsp/
[BSP build complete]
Info: Compiling hello_world_small.c to obj/default/hello_world_small.o
nios2-elf-gcc -xc -MP -MMD -c -I../hello_world_sw_bsp//HAL/inc -I../hello_world_sw_bsp/ -I../hello_world_sw_bsp//drivers/inc  -pipe -D__hal__ -DALT_NO_C_PLUS_PLUS -DALT_NO_CLEAN_EXIT -D'exit(a)=_exit(a)' -DALT_NO_EXIT -DALT_USE_DIRECT_DRIVERS -DALT_NO_INSTRUCTION_EMULATION -DALT_USE_SMALL_DRIVERS -DSMALL_C_LIB -DALT_SINGLE_THREADED    -Os -g -Wall   -mno-hw-div -mno-hw-mul -mno-hw-mulx -mgpopt=global  -o obj/default/hello_world_small.o hello_world_small.c
hello_world_small.c: In function 'main':
hello_world_small.c:9:10: warning: unused variable 'run1' [-Wunused-variable]
  int pb, run1 = 0, output = 1;
          ^
Info: Linking hello_world_sw.elf
nios2-elf-g++  -T'../hello_world_sw_bsp//linker.x' -msys-crt0='../hello_world_sw_bsp//obj/HAL/src/crt0.o' -msys-lib=hal_bsp -L../hello_world_sw_bsp/  -msmallc  -Wl,-Map=hello_world_sw.map   -Os -g -Wall   -mno-hw-div -mno-hw-mul -mno-hw-mulx -mgpopt=global  -o hello_world_sw.elf obj/default/hello_world_small.o obj/default/hello_world_small_task2.o -lm -msys-lib=m
nios2-elf-insert hello_world_sw.elf --thread_model hal --cpu_name cpu --qsys true --simulation_enabled false --id 0 --sidp 0x21090 --timestamp 1706178100 --stderr_dev jtag_uart --stdin_dev jtag_uart --stdout_dev jtag_uart --sopc_system_name nios_setup --quartus_project_dir "C:/Users/Jay/Documents/uni/labs/lab2/task1/Golden_Top" --jdi C:/Users/Jay/Documents/uni/labs/lab2/task1/Golden_Top/software/hello_world_sw_bsp/../../DE10_LITE_Golden_Top.jdi --sopcinfo C:/Users/Jay/Documents/uni/labs/lab2/task1/Golden_Top/software/hello_world_sw_bsp/../../nios_setup.sopcinfo
Info: (hello_world_sw.elf) 652 Bytes program size (code + initialized data).
Info:                      63 KBytes free for stack + heap.
Info: Creating hello_world_sw.objdump
nios2-elf-objdump --disassemble --syms --all-header --source hello_world_sw.elf >hello_world_sw.objdump
[hello_world_sw build complete]
16:31:58 **** Incremental Build of configuration Nios II for project hello_world_sw ****
make all 
Info: Building ../hello_world_sw_bsp/
C:/intelFPGA_lite/18.1/nios2eds/bin/gnu/H-x86_64-mingw32/bin/make --no-print-directory -C ../hello_world_sw_bsp/
[BSP build complete]
Info: Compiling hello_world_small.c to obj/default/hello_world_small.o
nios2-elf-gcc -xc -MP -MMD -c -I../hello_world_sw_bsp//HAL/inc -I../hello_world_sw_bsp/ -I../hello_world_sw_bsp//drivers/inc  -pipe -D__hal__ -DALT_NO_C_PLUS_PLUS -DALT_NO_CLEAN_EXIT -D'exit(a)=_exit(a)' -DALT_NO_EXIT -DALT_USE_DIRECT_DRIVERS -DALT_NO_INSTRUCTION_EMULATION -DALT_USE_SMALL_DRIVERS -DSMALL_C_LIB -DALT_SINGLE_THREADED    -Os -g -Wall   -mno-hw-div -mno-hw-mul -mno-hw-mulx -mgpopt=global  -o obj/default/hello_world_small.o hello_world_small.c
hello_world_small.c: In function 'main':
hello_world_small.c:9:10: warning: unused variable 'run1' [-Wunused-variable]
  int pb, run1 = 0, output = 1;
          ^
Info: Linking hello_world_sw.elf
nios2-elf-g++  -T'../hello_world_sw_bsp//linker.x' -msys-crt0='../hello_world_sw_bsp//obj/HAL/src/crt0.o' -msys-lib=hal_bsp -L../hello_world_sw_bsp/  -msmallc  -Wl,-Map=hello_world_sw.map   -Os -g -Wall   -mno-hw-div -mno-hw-mul -mno-hw-mulx -mgpopt=global  -o hello_world_sw.elf obj/default/hello_world_small.o obj/default/hello_world_small_task2.o -lm -msys-lib=m
nios2-elf-insert hello_world_sw.elf --thread_model hal --cpu_name cpu --qsys true --simulation_enabled false --id 0 --sidp 0x21090 --timestamp 1706178100 --stderr_dev jtag_uart --stdin_dev jtag_uart --stdout_dev jtag_uart --sopc_system_name nios_setup --quartus_project_dir "C:/Users/Jay/Documents/uni/labs/lab2/task1/Golden_Top" --jdi C:/Users/Jay/Documents/uni/labs/lab2/task1/Golden_Top/software/hello_world_sw_bsp/../../DE10_LITE_Golden_Top.jdi --sopcinfo C:/Users/Jay/Documents/uni/labs/lab2/task1/Golden_Top/software/hello_world_sw_bsp/../../nios_setup.sopcinfo
Info: (hello_world_sw.elf) 668 Bytes program size (code + initialized data).
Info:                      63 KBytes free for stack + heap.
Info: Creating hello_world_sw.objdump
nios2-elf-objdump --disassemble --syms --all-header --source hello_world_sw.elf >hello_world_sw.objdump
[hello_world_sw build complete]
16:33:04 **** Incremental Build of configuration Nios II for project hello_world_sw ****
make all 
Info: Building ../hello_world_sw_bsp/
C:/intelFPGA_lite/18.1/nios2eds/bin/gnu/H-x86_64-mingw32/bin/make --no-print-directory -C ../hello_world_sw_bsp/
[BSP build complete]
Info: Compiling hello_world_small.c to obj/default/hello_world_small.o
nios2-elf-gcc -xc -MP -MMD -c -I../hello_world_sw_bsp//HAL/inc -I../hello_world_sw_bsp/ -I../hello_world_sw_bsp//drivers/inc  -pipe -D__hal__ -DALT_NO_C_PLUS_PLUS -DALT_NO_CLEAN_EXIT -D'exit(a)=_exit(a)' -DALT_NO_EXIT -DALT_USE_DIRECT_DRIVERS -DALT_NO_INSTRUCTION_EMULATION -DALT_USE_SMALL_DRIVERS -DSMALL_C_LIB -DALT_SINGLE_THREADED    -Os -g -Wall   -mno-hw-div -mno-hw-mul -mno-hw-mulx -mgpopt=global  -o obj/default/hello_world_small.o hello_world_small.c
hello_world_small.c: In function 'main':
hello_world_small.c:9:10: warning: unused variable 'run1' [-Wunused-variable]
  int pb, run1 = 0, output = 1;
          ^
Info: Linking hello_world_sw.elf
nios2-elf-g++  -T'../hello_world_sw_bsp//linker.x' -msys-crt0='../hello_world_sw_bsp//obj/HAL/src/crt0.o' -msys-lib=hal_bsp -L../hello_world_sw_bsp/  -msmallc  -Wl,-Map=hello_world_sw.map   -Os -g -Wall   -mno-hw-div -mno-hw-mul -mno-hw-mulx -mgpopt=global  -o hello_world_sw.elf obj/default/hello_world_small.o obj/default/hello_world_small_task2.o -lm -msys-lib=m
nios2-elf-insert hello_world_sw.elf --thread_model hal --cpu_name cpu --qsys true --simulation_enabled false --id 0 --sidp 0x21090 --timestamp 1706178100 --stderr_dev jtag_uart --stdin_dev jtag_uart --stdout_dev jtag_uart --sopc_system_name nios_setup --quartus_project_dir "C:/Users/Jay/Documents/uni/labs/lab2/task1/Golden_Top" --jdi C:/Users/Jay/Documents/uni/labs/lab2/task1/Golden_Top/software/hello_world_sw_bsp/../../DE10_LITE_Golden_Top.jdi --sopcinfo C:/Users/Jay/Documents/uni/labs/lab2/task1/Golden_Top/software/hello_world_sw_bsp/../../nios_setup.sopcinfo
Info: (hello_world_sw.elf) 672 Bytes program size (code + initialized data).
Info:                      63 KBytes free for stack + heap.
Info: Creating hello_world_sw.objdump
nios2-elf-objdump --disassemble --syms --all-header --source hello_world_sw.elf >hello_world_sw.objdump
[hello_world_sw build complete]
16:33:36 **** Incremental Build of configuration Nios II for project hello_world_sw ****
make all 
Info: Building ../hello_world_sw_bsp/
C:/intelFPGA_lite/18.1/nios2eds/bin/gnu/H-x86_64-mingw32/bin/make --no-print-directory -C ../hello_world_sw_bsp/
[BSP build complete]
Info: Compiling hello_world_small.c to obj/default/hello_world_small.o
nios2-elf-gcc -xc -MP -MMD -c -I../hello_world_sw_bsp//HAL/inc -I../hello_world_sw_bsp/ -I../hello_world_sw_bsp//drivers/inc  -pipe -D__hal__ -DALT_NO_C_PLUS_PLUS -DALT_NO_CLEAN_EXIT -D'exit(a)=_exit(a)' -DALT_NO_EXIT -DALT_USE_DIRECT_DRIVERS -DALT_NO_INSTRUCTION_EMULATION -DALT_USE_SMALL_DRIVERS -DSMALL_C_LIB -DALT_SINGLE_THREADED    -Os -g -Wall   -mno-hw-div -mno-hw-mul -mno-hw-mulx -mgpopt=global  -o obj/default/hello_world_small.o hello_world_small.c
hello_world_small.c: In function 'main':
hello_world_small.c:9:10: warning: unused variable 'run1' [-Wunused-variable]
  int pb, run1 = 0, output = 1;
          ^
Info: Linking hello_world_sw.elf
nios2-elf-g++  -T'../hello_world_sw_bsp//linker.x' -msys-crt0='../hello_world_sw_bsp//obj/HAL/src/crt0.o' -msys-lib=hal_bsp -L../hello_world_sw_bsp/  -msmallc  -Wl,-Map=hello_world_sw.map   -Os -g -Wall   -mno-hw-div -mno-hw-mul -mno-hw-mulx -mgpopt=global  -o hello_world_sw.elf obj/default/hello_world_small.o obj/default/hello_world_small_task2.o -lm -msys-lib=m
nios2-elf-insert hello_world_sw.elf --thread_model hal --cpu_name cpu --qsys true --simulation_enabled false --id 0 --sidp 0x21090 --timestamp 1706178100 --stderr_dev jtag_uart --stdin_dev jtag_uart --stdout_dev jtag_uart --sopc_system_name nios_setup --quartus_project_dir "C:/Users/Jay/Documents/uni/labs/lab2/task1/Golden_Top" --jdi C:/Users/Jay/Documents/uni/labs/lab2/task1/Golden_Top/software/hello_world_sw_bsp/../../DE10_LITE_Golden_Top.jdi --sopcinfo C:/Users/Jay/Documents/uni/labs/lab2/task1/Golden_Top/software/hello_world_sw_bsp/../../nios_setup.sopcinfo
Info: (hello_world_sw.elf) 672 Bytes program size (code + initialized data).
Info:                      63 KBytes free for stack + heap.
Info: Creating hello_world_sw.objdump
nios2-elf-objdump --disassemble --syms --all-header --source hello_world_sw.elf >hello_world_sw.objdump
[hello_world_sw build complete]
16:34:06 **** Incremental Build of configuration Nios II for project hello_world_sw ****
make all 
Info: Building ../hello_world_sw_bsp/
C:/intelFPGA_lite/18.1/nios2eds/bin/gnu/H-x86_64-mingw32/bin/make --no-print-directory -C ../hello_world_sw_bsp/
[BSP build complete]
Info: Compiling hello_world_small.c to obj/default/hello_world_small.o
nios2-elf-gcc -xc -MP -MMD -c -I../hello_world_sw_bsp//HAL/inc -I../hello_world_sw_bsp/ -I../hello_world_sw_bsp//drivers/inc  -pipe -D__hal__ -DALT_NO_C_PLUS_PLUS -DALT_NO_CLEAN_EXIT -D'exit(a)=_exit(a)' -DALT_NO_EXIT -DALT_USE_DIRECT_DRIVERS -DALT_NO_INSTRUCTION_EMULATION -DALT_USE_SMALL_DRIVERS -DSMALL_C_LIB -DALT_SINGLE_THREADED    -Os -g -Wall   -mno-hw-div -mno-hw-mul -mno-hw-mulx -mgpopt=global  -o obj/default/hello_world_small.o hello_world_small.c
hello_world_small.c: In function 'main':
hello_world_small.c:9:10: warning: unused variable 'run1' [-Wunused-variable]
  int pb, run1 = 0, output = 1;
          ^
Info: Linking hello_world_sw.elf
nios2-elf-g++  -T'../hello_world_sw_bsp//linker.x' -msys-crt0='../hello_world_sw_bsp//obj/HAL/src/crt0.o' -msys-lib=hal_bsp -L../hello_world_sw_bsp/  -msmallc  -Wl,-Map=hello_world_sw.map   -Os -g -Wall   -mno-hw-div -mno-hw-mul -mno-hw-mulx -mgpopt=global  -o hello_world_sw.elf obj/default/hello_world_small.o obj/default/hello_world_small_task2.o -lm -msys-lib=m
nios2-elf-insert hello_world_sw.elf --thread_model hal --cpu_name cpu --qsys true --simulation_enabled false --id 0 --sidp 0x21090 --timestamp 1706178100 --stderr_dev jtag_uart --stdin_dev jtag_uart --stdout_dev jtag_uart --sopc_system_name nios_setup --quartus_project_dir "C:/Users/Jay/Documents/uni/labs/lab2/task1/Golden_Top" --jdi C:/Users/Jay/Documents/uni/labs/lab2/task1/Golden_Top/software/hello_world_sw_bsp/../../DE10_LITE_Golden_Top.jdi --sopcinfo C:/Users/Jay/Documents/uni/labs/lab2/task1/Golden_Top/software/hello_world_sw_bsp/../../nios_setup.sopcinfo
Info: (hello_world_sw.elf) 672 Bytes program size (code + initialized data).
Info:                      63 KBytes free for stack + heap.
Info: Creating hello_world_sw.objdump
nios2-elf-objdump --disassemble --syms --all-header --source hello_world_sw.elf >hello_world_sw.objdump
[hello_world_sw build complete]
16:39:15 **** Incremental Build of configuration Nios II for project hello_world_sw ****
make all 
Info: Building ../hello_world_sw_bsp/
C:/intelFPGA_lite/18.1/nios2eds/bin/gnu/H-x86_64-mingw32/bin/make --no-print-directory -C ../hello_world_sw_bsp/
[BSP build complete]
Info: Compiling hello_world_small.c to obj/default/hello_world_small.o
nios2-elf-gcc -xc -MP -MMD -c -I../hello_world_sw_bsp//HAL/inc -I../hello_world_sw_bsp/ -I../hello_world_sw_bsp//drivers/inc  -pipe -D__hal__ -DALT_NO_C_PLUS_PLUS -DALT_NO_CLEAN_EXIT -D'exit(a)=_exit(a)' -DALT_NO_EXIT -DALT_USE_DIRECT_DRIVERS -DALT_NO_INSTRUCTION_EMULATION -DALT_USE_SMALL_DRIVERS -DSMALL_C_LIB -DALT_SINGLE_THREADED    -Os -g -Wall   -mno-hw-div -mno-hw-mul -mno-hw-mulx -mgpopt=global  -o obj/default/hello_world_small.o hello_world_small.c
hello_world_small.c: In function 'main':
hello_world_small.c:16:15: warning: assignment makes integer from pointer without a cast [-Wint-conversion]
   switch_data = IOADDR_ALTERA_AVALON_PIO_DATA(SWITCH_BASE);
               ^
Info: Linking hello_world_sw.elf
nios2-elf-g++  -T'../hello_world_sw_bsp//linker.x' -msys-crt0='../hello_world_sw_bsp//obj/HAL/src/crt0.o' -msys-lib=hal_bsp -L../hello_world_sw_bsp/  -msmallc  -Wl,-Map=hello_world_sw.map   -Os -g -Wall   -mno-hw-div -mno-hw-mul -mno-hw-mulx -mgpopt=global  -o hello_world_sw.elf obj/default/hello_world_small.o obj/default/hello_world_small_task2.o -lm -msys-lib=m
nios2-elf-insert hello_world_sw.elf --thread_model hal --cpu_name cpu --qsys true --simulation_enabled false --id 0 --sidp 0x21090 --timestamp 1706178100 --stderr_dev jtag_uart --stdin_dev jtag_uart --stdout_dev jtag_uart --sopc_system_name nios_setup --quartus_project_dir "C:/Users/Jay/Documents/uni/labs/lab2/task1/Golden_Top" --jdi C:/Users/Jay/Documents/uni/labs/lab2/task1/Golden_Top/software/hello_world_sw_bsp/../../DE10_LITE_Golden_Top.jdi --sopcinfo C:/Users/Jay/Documents/uni/labs/lab2/task1/Golden_Top/software/hello_world_sw_bsp/../../nios_setup.sopcinfo
Info: (hello_world_sw.elf) 676 Bytes program size (code + initialized data).
Info:                      63 KBytes free for stack + heap.
Info: Creating hello_world_sw.objdump
nios2-elf-objdump --disassemble --syms --all-header --source hello_world_sw.elf >hello_world_sw.objdump
[hello_world_sw build complete]
16:43:05 **** Incremental Build of configuration Nios II for project hello_world_sw ****
make all 
Info: Building ../hello_world_sw_bsp/
C:/intelFPGA_lite/18.1/nios2eds/bin/gnu/H-x86_64-mingw32/bin/make --no-print-directory -C ../hello_world_sw_bsp/
[BSP build complete]
Info: Compiling hello_world_small.c to obj/default/hello_world_small.o
nios2-elf-gcc -xc -MP -MMD -c -I../hello_world_sw_bsp//HAL/inc -I../hello_world_sw_bsp/ -I../hello_world_sw_bsp//drivers/inc  -pipe -D__hal__ -DALT_NO_C_PLUS_PLUS -DALT_NO_CLEAN_EXIT -D'exit(a)=_exit(a)' -DALT_NO_EXIT -DALT_USE_DIRECT_DRIVERS -DALT_NO_INSTRUCTION_EMULATION -DALT_USE_SMALL_DRIVERS -DSMALL_C_LIB -DALT_SINGLE_THREADED    -Os -g -Wall   -mno-hw-div -mno-hw-mul -mno-hw-mulx -mgpopt=global  -o obj/default/hello_world_small.o hello_world_small.c
hello_world_small.c: In function 'main':
hello_world_small.c:16:15: warning: assignment makes integer from pointer without a cast [-Wint-conversion]
   switch_data = IOADDR_ALTERA_AVALON_PIO_DATA(SWITCH_BASE);
               ^
hello_world_small.c:9:6: warning: unused variable 'pb' [-Wunused-variable]
  int pb, switch_data, output = 1, prev_switch = 0;
      ^
Info: Linking hello_world_sw.elf
nios2-elf-g++  -T'../hello_world_sw_bsp//linker.x' -msys-crt0='../hello_world_sw_bsp//obj/HAL/src/crt0.o' -msys-lib=hal_bsp -L../hello_world_sw_bsp/  -msmallc  -Wl,-Map=hello_world_sw.map   -Os -g -Wall   -mno-hw-div -mno-hw-mul -mno-hw-mulx -mgpopt=global  -o hello_world_sw.elf obj/default/hello_world_small.o obj/default/hello_world_small_task2.o -lm -msys-lib=m
nios2-elf-insert hello_world_sw.elf --thread_model hal --cpu_name cpu --qsys true --simulation_enabled false --id 0 --sidp 0x21090 --timestamp 1706178100 --stderr_dev jtag_uart --stdin_dev jtag_uart --stdout_dev jtag_uart --sopc_system_name nios_setup --quartus_project_dir "C:/Users/Jay/Documents/uni/labs/lab2/task1/Golden_Top" --jdi C:/Users/Jay/Documents/uni/labs/lab2/task1/Golden_Top/software/hello_world_sw_bsp/../../DE10_LITE_Golden_Top.jdi --sopcinfo C:/Users/Jay/Documents/uni/labs/lab2/task1/Golden_Top/software/hello_world_sw_bsp/../../nios_setup.sopcinfo
Info: (hello_world_sw.elf) 644 Bytes program size (code + initialized data).
Info:                      63 KBytes free for stack + heap.
Info: Creating hello_world_sw.objdump
nios2-elf-objdump --disassemble --syms --all-header --source hello_world_sw.elf >hello_world_sw.objdump
[hello_world_sw build complete]
16:45:09 **** Incremental Build of configuration Nios II for project hello_world_sw ****
make all 
Info: Building ../hello_world_sw_bsp/
C:/intelFPGA_lite/18.1/nios2eds/bin/gnu/H-x86_64-mingw32/bin/make --no-print-directory -C ../hello_world_sw_bsp/
[BSP build complete]
Info: Compiling hello_world_small.c to obj/default/hello_world_small.o
nios2-elf-gcc -xc -MP -MMD -c -I../hello_world_sw_bsp//HAL/inc -I../hello_world_sw_bsp/ -I../hello_world_sw_bsp//drivers/inc  -pipe -D__hal__ -DALT_NO_C_PLUS_PLUS -DALT_NO_CLEAN_EXIT -D'exit(a)=_exit(a)' -DALT_NO_EXIT -DALT_USE_DIRECT_DRIVERS -DALT_NO_INSTRUCTION_EMULATION -DALT_USE_SMALL_DRIVERS -DSMALL_C_LIB -DALT_SINGLE_THREADED    -Os -g -Wall   -mno-hw-div -mno-hw-mul -mno-hw-mulx -mgpopt=global  -o obj/default/hello_world_small.o hello_world_small.c
hello_world_small.c: In function 'main':
hello_world_small.c:9:6: warning: unused variable 'pb' [-Wunused-variable]
  int pb, switch_data, output = 1, prev_switch = 0;
      ^
Info: Linking hello_world_sw.elf
nios2-elf-g++  -T'../hello_world_sw_bsp//linker.x' -msys-crt0='../hello_world_sw_bsp//obj/HAL/src/crt0.o' -msys-lib=hal_bsp -L../hello_world_sw_bsp/  -msmallc  -Wl,-Map=hello_world_sw.map   -Os -g -Wall   -mno-hw-div -mno-hw-mul -mno-hw-mulx -mgpopt=global  -o hello_world_sw.elf obj/default/hello_world_small.o obj/default/hello_world_small_task2.o -lm -msys-lib=m
nios2-elf-insert hello_world_sw.elf --thread_model hal --cpu_name cpu --qsys true --simulation_enabled false --id 0 --sidp 0x21090 --timestamp 1706178100 --stderr_dev jtag_uart --stdin_dev jtag_uart --stdout_dev jtag_uart --sopc_system_name nios_setup --quartus_project_dir "C:/Users/Jay/Documents/uni/labs/lab2/task1/Golden_Top" --jdi C:/Users/Jay/Documents/uni/labs/lab2/task1/Golden_Top/software/hello_world_sw_bsp/../../DE10_LITE_Golden_Top.jdi --sopcinfo C:/Users/Jay/Documents/uni/labs/lab2/task1/Golden_Top/software/hello_world_sw_bsp/../../nios_setup.sopcinfo
Info: (hello_world_sw.elf) 640 Bytes program size (code + initialized data).
Info:                      63 KBytes free for stack + heap.
Info: Creating hello_world_sw.objdump
nios2-elf-objdump --disassemble --syms --all-header --source hello_world_sw.elf >hello_world_sw.objdump
[hello_world_sw build complete]
16:45:37 **** Incremental Build of configuration Nios II for project hello_world_sw ****
make all 
Info: Building ../hello_world_sw_bsp/
C:/intelFPGA_lite/18.1/nios2eds/bin/gnu/H-x86_64-mingw32/bin/make --no-print-directory -C ../hello_world_sw_bsp/
[BSP build complete]
Info: Compiling hello_world_small.c to obj/default/hello_world_small.o
nios2-elf-gcc -xc -MP -MMD -c -I../hello_world_sw_bsp//HAL/inc -I../hello_world_sw_bsp/ -I../hello_world_sw_bsp//drivers/inc  -pipe -D__hal__ -DALT_NO_C_PLUS_PLUS -DALT_NO_CLEAN_EXIT -D'exit(a)=_exit(a)' -DALT_NO_EXIT -DALT_USE_DIRECT_DRIVERS -DALT_NO_INSTRUCTION_EMULATION -DALT_USE_SMALL_DRIVERS -DSMALL_C_LIB -DALT_SINGLE_THREADED    -Os -g -Wall   -mno-hw-div -mno-hw-mul -mno-hw-mulx -mgpopt=global  -o obj/default/hello_world_small.o hello_world_small.c
Info: Linking hello_world_sw.elf
nios2-elf-g++  -T'../hello_world_sw_bsp//linker.x' -msys-crt0='../hello_world_sw_bsp//obj/HAL/src/crt0.o' -msys-lib=hal_bsp -L../hello_world_sw_bsp/  -msmallc  -Wl,-Map=hello_world_sw.map   -Os -g -Wall   -mno-hw-div -mno-hw-mul -mno-hw-mulx -mgpopt=global  -o hello_world_sw.elf obj/default/hello_world_small.o obj/default/hello_world_small_task2.o -lm -msys-lib=m
nios2-elf-insert hello_world_sw.elf --thread_model hal --cpu_name cpu --qsys true --simulation_enabled false --id 0 --sidp 0x21090 --timestamp 1706178100 --stderr_dev jtag_uart --stdin_dev jtag_uart --stdout_dev jtag_uart --sopc_system_name nios_setup --quartus_project_dir "C:/Users/Jay/Documents/uni/labs/lab2/task1/Golden_Top" --jdi C:/Users/Jay/Documents/uni/labs/lab2/task1/Golden_Top/software/hello_world_sw_bsp/../../DE10_LITE_Golden_Top.jdi --sopcinfo C:/Users/Jay/Documents/uni/labs/lab2/task1/Golden_Top/software/hello_world_sw_bsp/../../nios_setup.sopcinfo
Info: (hello_world_sw.elf) 700 Bytes program size (code + initialized data).
Info:                      63 KBytes free for stack + heap.
Info: Creating hello_world_sw.objdump
nios2-elf-objdump --disassemble --syms --all-header --source hello_world_sw.elf >hello_world_sw.objdump
[hello_world_sw build complete]
16:47:03 **** Incremental Build of configuration Nios II for project hello_world_sw ****
make all 
Info: Building ../hello_world_sw_bsp/
C:/intelFPGA_lite/18.1/nios2eds/bin/gnu/H-x86_64-mingw32/bin/make --no-print-directory -C ../hello_world_sw_bsp/
[BSP build complete]
Info: Compiling hello_world_small.c to obj/default/hello_world_small.o
nios2-elf-gcc -xc -MP -MMD -c -I../hello_world_sw_bsp//HAL/inc -I../hello_world_sw_bsp/ -I../hello_world_sw_bsp//drivers/inc  -pipe -D__hal__ -DALT_NO_C_PLUS_PLUS -DALT_NO_CLEAN_EXIT -D'exit(a)=_exit(a)' -DALT_NO_EXIT -DALT_USE_DIRECT_DRIVERS -DALT_NO_INSTRUCTION_EMULATION -DALT_USE_SMALL_DRIVERS -DSMALL_C_LIB -DALT_SINGLE_THREADED    -Os -g -Wall   -mno-hw-div -mno-hw-mul -mno-hw-mulx -mgpopt=global  -o obj/default/hello_world_small.o hello_world_small.c
Info: Linking hello_world_sw.elf
nios2-elf-g++  -T'../hello_world_sw_bsp//linker.x' -msys-crt0='../hello_world_sw_bsp//obj/HAL/src/crt0.o' -msys-lib=hal_bsp -L../hello_world_sw_bsp/  -msmallc  -Wl,-Map=hello_world_sw.map   -Os -g -Wall   -mno-hw-div -mno-hw-mul -mno-hw-mulx -mgpopt=global  -o hello_world_sw.elf obj/default/hello_world_small.o obj/default/hello_world_small_task2.o -lm -msys-lib=m
nios2-elf-insert hello_world_sw.elf --thread_model hal --cpu_name cpu --qsys true --simulation_enabled false --id 0 --sidp 0x21090 --timestamp 1706178100 --stderr_dev jtag_uart --stdin_dev jtag_uart --stdout_dev jtag_uart --sopc_system_name nios_setup --quartus_project_dir "C:/Users/Jay/Documents/uni/labs/lab2/task1/Golden_Top" --jdi C:/Users/Jay/Documents/uni/labs/lab2/task1/Golden_Top/software/hello_world_sw_bsp/../../DE10_LITE_Golden_Top.jdi --sopcinfo C:/Users/Jay/Documents/uni/labs/lab2/task1/Golden_Top/software/hello_world_sw_bsp/../../nios_setup.sopcinfo
Info: (hello_world_sw.elf) 700 Bytes program size (code + initialized data).
Info:                      63 KBytes free for stack + heap.
Info: Creating hello_world_sw.objdump
nios2-elf-objdump --disassemble --syms --all-header --source hello_world_sw.elf >hello_world_sw.objdump
[hello_world_sw build complete]
16:47:54 **** Incremental Build of configuration Nios II for project hello_world_sw ****
make all 
Info: Building ../hello_world_sw_bsp/
C:/intelFPGA_lite/18.1/nios2eds/bin/gnu/H-x86_64-mingw32/bin/make --no-print-directory -C ../hello_world_sw_bsp/
[BSP build complete]
Info: Compiling hello_world_small.c to obj/default/hello_world_small.o
nios2-elf-gcc -xc -MP -MMD -c -I../hello_world_sw_bsp//HAL/inc -I../hello_world_sw_bsp/ -I../hello_world_sw_bsp//drivers/inc  -pipe -D__hal__ -DALT_NO_C_PLUS_PLUS -DALT_NO_CLEAN_EXIT -D'exit(a)=_exit(a)' -DALT_NO_EXIT -DALT_USE_DIRECT_DRIVERS -DALT_NO_INSTRUCTION_EMULATION -DALT_USE_SMALL_DRIVERS -DSMALL_C_LIB -DALT_SINGLE_THREADED    -Os -g -Wall   -mno-hw-div -mno-hw-mul -mno-hw-mulx -mgpopt=global  -o obj/default/hello_world_small.o hello_world_small.c
Info: Linking hello_world_sw.elf
nios2-elf-g++  -T'../hello_world_sw_bsp//linker.x' -msys-crt0='../hello_world_sw_bsp//obj/HAL/src/crt0.o' -msys-lib=hal_bsp -L../hello_world_sw_bsp/  -msmallc  -Wl,-Map=hello_world_sw.map   -Os -g -Wall   -mno-hw-div -mno-hw-mul -mno-hw-mulx -mgpopt=global  -o hello_world_sw.elf obj/default/hello_world_small.o obj/default/hello_world_small_task2.o -lm -msys-lib=m
nios2-elf-insert hello_world_sw.elf --thread_model hal --cpu_name cpu --qsys true --simulation_enabled false --id 0 --sidp 0x21090 --timestamp 1706178100 --stderr_dev jtag_uart --stdin_dev jtag_uart --stdout_dev jtag_uart --sopc_system_name nios_setup --quartus_project_dir "C:/Users/Jay/Documents/uni/labs/lab2/task1/Golden_Top" --jdi C:/Users/Jay/Documents/uni/labs/lab2/task1/Golden_Top/software/hello_world_sw_bsp/../../DE10_LITE_Golden_Top.jdi --sopcinfo C:/Users/Jay/Documents/uni/labs/lab2/task1/Golden_Top/software/hello_world_sw_bsp/../../nios_setup.sopcinfo
Info: (hello_world_sw.elf) 700 Bytes program size (code + initialized data).
Info:                      63 KBytes free for stack + heap.
Info: Creating hello_world_sw.objdump
nios2-elf-objdump --disassemble --syms --all-header --source hello_world_sw.elf >hello_world_sw.objdump
[hello_world_sw build complete]
16:49:06 **** Incremental Build of configuration Nios II for project hello_world_sw ****
make all 
Info: Building ../hello_world_sw_bsp/
C:/intelFPGA_lite/18.1/nios2eds/bin/gnu/H-x86_64-mingw32/bin/make --no-print-directory -C ../hello_world_sw_bsp/
[BSP build complete]
Info: Compiling hello_world_small.c to obj/default/hello_world_small.o
nios2-elf-gcc -xc -MP -MMD -c -I../hello_world_sw_bsp//HAL/inc -I../hello_world_sw_bsp/ -I../hello_world_sw_bsp//drivers/inc  -pipe -D__hal__ -DALT_NO_C_PLUS_PLUS -DALT_NO_CLEAN_EXIT -D'exit(a)=_exit(a)' -DALT_NO_EXIT -DALT_USE_DIRECT_DRIVERS -DALT_NO_INSTRUCTION_EMULATION -DALT_USE_SMALL_DRIVERS -DSMALL_C_LIB -DALT_SINGLE_THREADED    -Os -g -Wall   -mno-hw-div -mno-hw-mul -mno-hw-mulx -mgpopt=global  -o obj/default/hello_world_small.o hello_world_small.c
Info: Linking hello_world_sw.elf
nios2-elf-g++  -T'../hello_world_sw_bsp//linker.x' -msys-crt0='../hello_world_sw_bsp//obj/HAL/src/crt0.o' -msys-lib=hal_bsp -L../hello_world_sw_bsp/  -msmallc  -Wl,-Map=hello_world_sw.map   -Os -g -Wall   -mno-hw-div -mno-hw-mul -mno-hw-mulx -mgpopt=global  -o hello_world_sw.elf obj/default/hello_world_small.o obj/default/hello_world_small_task2.o -lm -msys-lib=m
nios2-elf-insert hello_world_sw.elf --thread_model hal --cpu_name cpu --qsys true --simulation_enabled false --id 0 --sidp 0x21090 --timestamp 1706178100 --stderr_dev jtag_uart --stdin_dev jtag_uart --stdout_dev jtag_uart --sopc_system_name nios_setup --quartus_project_dir "C:/Users/Jay/Documents/uni/labs/lab2/task1/Golden_Top" --jdi C:/Users/Jay/Documents/uni/labs/lab2/task1/Golden_Top/software/hello_world_sw_bsp/../../DE10_LITE_Golden_Top.jdi --sopcinfo C:/Users/Jay/Documents/uni/labs/lab2/task1/Golden_Top/software/hello_world_sw_bsp/../../nios_setup.sopcinfo
Info: (hello_world_sw.elf) 700 Bytes program size (code + initialized data).
Info:                      63 KBytes free for stack + heap.
Info: Creating hello_world_sw.objdump
nios2-elf-objdump --disassemble --syms --all-header --source hello_world_sw.elf >hello_world_sw.objdump
[hello_world_sw build complete]
